[0.006s] Invoking command in '/home/cuong/ros2_ws/build/myrobot': CMAKE_PREFIX_PATH=/opt/ros/humble /usr/bin/cmake /home/cuong/ros2_ws/src/myrobot -DAMENT_CMAKE_SYMLINK_INSTALL=1 -DCMAKE_INSTALL_PREFIX=/home/cuong/ros2_ws/install/myrobot
[0.091s] -- The C compiler identification is GNU 11.4.0
[0.150s] -- The CXX compiler identification is GNU 11.4.0
[0.157s] -- Detecting C compiler ABI info
[0.208s] -- Detecting C compiler ABI info - done
[0.213s] -- Check for working C compiler: /usr/bin/cc - skipped
[0.214s] -- Detecting C compile features
[0.214s] -- Detecting C compile features - done
[0.216s] -- Detecting CXX compiler ABI info
[0.289s] -- Detecting CXX compiler ABI info - done
[0.294s] -- Check for working CXX compiler: /usr/bin/c++ - skipped
[0.294s] -- Detecting CXX compile features
[0.294s] -- Detecting CXX compile features - done
[0.296s] -- Found ament_cmake: 1.3.12 (/opt/ros/humble/share/ament_cmake/cmake)
[0.398s] -- Found Python3: /usr/bin/python3 (found version "3.10.12") found components: Interpreter 
[0.442s] -- Override CMake install command with custom implementation using symlinks instead of copying resources
[0.462s] -- Found ament_lint_auto: 0.12.14 (/opt/ros/humble/share/ament_lint_auto/cmake)
[0.513s] -- Added test 'copyright' to check source files copyright and LICENSE
[0.517s] -- Added test 'flake8' to check Python code syntax and style conventions
[0.518s] -- Added test 'lint_cmake' to check CMake code style
[0.518s] -- Added test 'pep257' to check Python code against some of the docstring style conventions in PEP 257
[0.519s] -- Added test 'xmllint' to check XML markup files
[0.520s] -- Configuring done
[0.521s] -- Generating done
[0.522s] -- Build files have been written to: /home/cuong/ros2_ws/build/myrobot
[0.525s] Invoked command in '/home/cuong/ros2_ws/build/myrobot' returned '0': CMAKE_PREFIX_PATH=/opt/ros/humble /usr/bin/cmake /home/cuong/ros2_ws/src/myrobot -DAMENT_CMAKE_SYMLINK_INSTALL=1 -DCMAKE_INSTALL_PREFIX=/home/cuong/ros2_ws/install/myrobot
[0.527s] Invoking command in '/home/cuong/ros2_ws/build/myrobot': CMAKE_PREFIX_PATH=/opt/ros/humble /usr/bin/cmake --build /home/cuong/ros2_ws/build/myrobot -- -j12 -l12
[0.553s] Invoked command in '/home/cuong/ros2_ws/build/myrobot' returned '0': CMAKE_PREFIX_PATH=/opt/ros/humble /usr/bin/cmake --build /home/cuong/ros2_ws/build/myrobot -- -j12 -l12
[0.562s] Invoking command in '/home/cuong/ros2_ws/build/myrobot': CMAKE_PREFIX_PATH=/opt/ros/humble /usr/bin/cmake --install /home/cuong/ros2_ws/build/myrobot
[0.570s] -- Install configuration: ""
[0.570s] -- Execute custom install script
[0.571s] -- Symlinking: /home/cuong/ros2_ws/install/myrobot/share/myrobot/config/empty.yaml
[0.580s] -- Symlinking: /home/cuong/ros2_ws/install/myrobot/share/myrobot/config/gazebo_params.yaml
[0.589s] -- Symlinking: /home/cuong/ros2_ws/install/myrobot/share/myrobot/config/mapper_params_online_async.yaml
[0.599s] -- Symlinking: /home/cuong/ros2_ws/install/myrobot/share/myrobot/config/my_controllers.yaml
[0.606s] -- Symlinking: /home/cuong/ros2_ws/install/myrobot/share/myrobot/config/myrobot.rviz
[0.611s] -- Symlinking: /home/cuong/ros2_ws/install/myrobot/share/myrobot/config/view_bot.rviz
[0.619s] -- Symlinking: /home/cuong/ros2_ws/install/myrobot/share/myrobot/launch/launch_sim.launch.py
[0.627s] -- Symlinking: /home/cuong/ros2_ws/install/myrobot/share/myrobot/launch/rsp.launch.py
[0.635s] -- Symlinking: /home/cuong/ros2_ws/install/myrobot/share/myrobot/worlds/myworld.world
[0.646s] -- Symlinking: /home/cuong/ros2_ws/install/myrobot/share/myrobot/description/camera.xacro
[0.655s] -- Symlinking: /home/cuong/ros2_ws/install/myrobot/share/myrobot/description/depth_camera.xacro
[0.663s] -- Symlinking: /home/cuong/ros2_ws/install/myrobot/share/myrobot/description/gazebo_control.xacro
[0.669s] -- Symlinking: /home/cuong/ros2_ws/install/myrobot/share/myrobot/description/inertial_macros.xacro
[0.674s] -- Symlinking: /home/cuong/ros2_ws/install/myrobot/share/myrobot/description/lidar.xacro
[0.679s] -- Symlinking: /home/cuong/ros2_ws/install/myrobot/share/myrobot/description/meshes/BLC_link.STL
[0.683s] -- Symlinking: /home/cuong/ros2_ws/install/myrobot/share/myrobot/description/meshes/BRC_link.STL
[0.688s] -- Symlinking: /home/cuong/ros2_ws/install/myrobot/share/myrobot/description/meshes/FLC_link.STL
[0.693s] -- Symlinking: /home/cuong/ros2_ws/install/myrobot/share/myrobot/description/meshes/FRC_link.STL
[0.698s] -- Symlinking: /home/cuong/ros2_ws/install/myrobot/share/myrobot/description/meshes/LD_link.STL
[0.704s] -- Symlinking: /home/cuong/ros2_ws/install/myrobot/share/myrobot/description/meshes/Lidar_link.STL
[0.709s] -- Symlinking: /home/cuong/ros2_ws/install/myrobot/share/myrobot/description/meshes/RD_link.STL
[0.715s] -- Symlinking: /home/cuong/ros2_ws/install/myrobot/share/myrobot/description/meshes/base_link.STL
[0.722s] -- Symlinking: /home/cuong/ros2_ws/install/myrobot/share/myrobot/description/robot.urdf.xacro
[0.728s] -- Symlinking: /home/cuong/ros2_ws/install/myrobot/share/myrobot/description/robot_core.xacro
[0.736s] -- Symlinking: /home/cuong/ros2_ws/install/myrobot/share/myrobot/description/robot_core_test.xacro
[0.741s] -- Symlinking: /home/cuong/ros2_ws/install/myrobot/share/myrobot/description/ros2_control.xacro
[0.746s] -- Symlinking: /home/cuong/ros2_ws/install/myrobot/share/ament_index/resource_index/package_run_dependencies/myrobot
[0.752s] -- Symlinking: /home/cuong/ros2_ws/install/myrobot/share/ament_index/resource_index/parent_prefix_path/myrobot
[0.758s] -- Symlinking: /home/cuong/ros2_ws/install/myrobot/share/myrobot/environment/ament_prefix_path.sh
[0.763s] -- Symlinking: /home/cuong/ros2_ws/install/myrobot/share/myrobot/environment/ament_prefix_path.dsv
[0.769s] -- Symlinking: /home/cuong/ros2_ws/install/myrobot/share/myrobot/environment/path.sh
[0.774s] -- Symlinking: /home/cuong/ros2_ws/install/myrobot/share/myrobot/environment/path.dsv
[0.779s] -- Symlinking: /home/cuong/ros2_ws/install/myrobot/share/myrobot/local_setup.bash
[0.784s] -- Symlinking: /home/cuong/ros2_ws/install/myrobot/share/myrobot/local_setup.sh
[0.789s] -- Symlinking: /home/cuong/ros2_ws/install/myrobot/share/myrobot/local_setup.zsh
[0.796s] -- Symlinking: /home/cuong/ros2_ws/install/myrobot/share/myrobot/local_setup.dsv
[0.802s] -- Symlinking: /home/cuong/ros2_ws/install/myrobot/share/myrobot/package.dsv
[0.810s] -- Symlinking: /home/cuong/ros2_ws/install/myrobot/share/ament_index/resource_index/packages/myrobot
[0.820s] -- Symlinking: /home/cuong/ros2_ws/install/myrobot/share/myrobot/cmake/myrobotConfig.cmake
[0.826s] -- Symlinking: /home/cuong/ros2_ws/install/myrobot/share/myrobot/cmake/myrobotConfig-version.cmake
[0.832s] -- Symlinking: /home/cuong/ros2_ws/install/myrobot/share/myrobot/package.xml
[0.841s] Invoked command in '/home/cuong/ros2_ws/build/myrobot' returned '0': CMAKE_PREFIX_PATH=/opt/ros/humble /usr/bin/cmake --install /home/cuong/ros2_ws/build/myrobot
