[0.007s] Invoking command in '/home/cuong/ros2_ws/build/myrobot': CMAKE_PREFIX_PATH=${CMAKE_PREFIX_PATH}:/opt/ros/humble /usr/bin/cmake --build /home/cuong/ros2_ws/build/myrobot -- -j12 -l12
[0.039s] -- Found ament_cmake: 1.3.12 (/opt/ros/humble/share/ament_cmake/cmake)
[0.125s] -- Override CMake install command with custom implementation using symlinks instead of copying resources
[0.135s] -- Found ament_lint_auto: 0.12.14 (/opt/ros/humble/share/ament_lint_auto/cmake)
[0.185s] -- Added test 'copyright' to check source files copyright and LICENSE
[0.187s] -- Added test 'flake8' to check Python code syntax and style conventions
[0.187s] -- Added test 'lint_cmake' to check CMake code style
[0.188s] -- Added test 'pep257' to check Python code against some of the docstring style conventions in PEP 257
[0.189s] -- Added test 'xmllint' to check XML markup files
[0.190s] -- Configuring done
[0.194s] -- Generating done
[0.195s] -- Build files have been written to: /home/cuong/ros2_ws/build/myrobot
[0.210s] Invoked command in '/home/cuong/ros2_ws/build/myrobot' returned '0': CMAKE_PREFIX_PATH=${CMAKE_PREFIX_PATH}:/opt/ros/humble /usr/bin/cmake --build /home/cuong/ros2_ws/build/myrobot -- -j12 -l12
[0.216s] Invoking command in '/home/cuong/ros2_ws/build/myrobot': CMAKE_PREFIX_PATH=${CMAKE_PREFIX_PATH}:/opt/ros/humble /usr/bin/cmake --install /home/cuong/ros2_ws/build/myrobot
[0.221s] -- Install configuration: ""
[0.221s] -- Execute custom install script
[0.222s] -- Up-to-date symlink: /home/cuong/ros2_ws/install/myrobot/share/myrobot/config/empty.yaml
[0.222s] -- Up-to-date symlink: /home/cuong/ros2_ws/install/myrobot/share/myrobot/config/gaz_ros2_ctl_use_sim.yaml
[0.222s] -- Up-to-date symlink: /home/cuong/ros2_ws/install/myrobot/share/myrobot/config/gazebo_params.yaml
[0.222s] -- Up-to-date symlink: /home/cuong/ros2_ws/install/myrobot/share/myrobot/config/mapper_params_online_async.yaml
[0.222s] -- Up-to-date symlink: /home/cuong/ros2_ws/install/myrobot/share/myrobot/config/my_controllers.yaml
[0.222s] -- Up-to-date symlink: /home/cuong/ros2_ws/install/myrobot/share/myrobot/config/myrobot.rviz
[0.222s] -- Up-to-date symlink: /home/cuong/ros2_ws/install/myrobot/share/myrobot/config/twist_mux.yaml
[0.222s] -- Up-to-date symlink: /home/cuong/ros2_ws/install/myrobot/share/myrobot/config/view_bot.rviz
[0.222s] -- Up-to-date symlink: /home/cuong/ros2_ws/install/myrobot/share/myrobot/launch/launch_sim.launch.py
[0.222s] -- Up-to-date symlink: /home/cuong/ros2_ws/install/myrobot/share/myrobot/launch/launch_sim_realmodel.launch.py
[0.223s] -- Up-to-date symlink: /home/cuong/ros2_ws/install/myrobot/share/myrobot/launch/rsp.launch.py
[0.223s] -- Up-to-date symlink: /home/cuong/ros2_ws/install/myrobot/share/myrobot/worlds/myworld.world
[0.223s] -- Up-to-date symlink: /home/cuong/ros2_ws/install/myrobot/share/myrobot/description/camera.xacro
[0.223s] -- Up-to-date symlink: /home/cuong/ros2_ws/install/myrobot/share/myrobot/description/depth_camera.xacro
[0.223s] -- Up-to-date symlink: /home/cuong/ros2_ws/install/myrobot/share/myrobot/description/gazebo_control.xacro
[0.223s] -- Up-to-date symlink: /home/cuong/ros2_ws/install/myrobot/share/myrobot/description/inertial_macros.xacro
[0.223s] -- Up-to-date symlink: /home/cuong/ros2_ws/install/myrobot/share/myrobot/description/lidar.xacro
[0.224s] -- Up-to-date symlink: /home/cuong/ros2_ws/install/myrobot/share/myrobot/description/meshes/BLC_link.STL
[0.224s] -- Up-to-date symlink: /home/cuong/ros2_ws/install/myrobot/share/myrobot/description/meshes/BRC_link.STL
[0.224s] -- Up-to-date symlink: /home/cuong/ros2_ws/install/myrobot/share/myrobot/description/meshes/FLC_link.STL
[0.224s] -- Up-to-date symlink: /home/cuong/ros2_ws/install/myrobot/share/myrobot/description/meshes/FRC_link.STL
[0.224s] -- Up-to-date symlink: /home/cuong/ros2_ws/install/myrobot/share/myrobot/description/meshes/LD_link.STL
[0.224s] -- Up-to-date symlink: /home/cuong/ros2_ws/install/myrobot/share/myrobot/description/meshes/Lidar_link.STL
[0.224s] -- Up-to-date symlink: /home/cuong/ros2_ws/install/myrobot/share/myrobot/description/meshes/RD_link.STL
[0.225s] -- Up-to-date symlink: /home/cuong/ros2_ws/install/myrobot/share/myrobot/description/meshes/base_link.STL
[0.225s] -- Symlinking: /home/cuong/ros2_ws/install/myrobot/share/myrobot/description/myrobot_gazebo.xacro
[0.231s] -- Up-to-date symlink: /home/cuong/ros2_ws/install/myrobot/share/myrobot/description/robot.urdf.xacro
[0.231s] -- Up-to-date symlink: /home/cuong/ros2_ws/install/myrobot/share/myrobot/description/robot_core.xacro
[0.231s] -- Up-to-date symlink: /home/cuong/ros2_ws/install/myrobot/share/myrobot/description/robot_core_test.xacro
[0.231s] -- Up-to-date symlink: /home/cuong/ros2_ws/install/myrobot/share/myrobot/description/ros2_control.xacro
[0.231s] -- Symlinking: /home/cuong/ros2_ws/install/myrobot/share/myrobot/meshes/BLC_link.STL
[0.237s] -- Symlinking: /home/cuong/ros2_ws/install/myrobot/share/myrobot/meshes/BRC_link.STL
[0.243s] -- Symlinking: /home/cuong/ros2_ws/install/myrobot/share/myrobot/meshes/FLC_link.STL
[0.248s] -- Symlinking: /home/cuong/ros2_ws/install/myrobot/share/myrobot/meshes/FRC_link.STL
[0.254s] -- Symlinking: /home/cuong/ros2_ws/install/myrobot/share/myrobot/meshes/LD_link.STL
[0.259s] -- Symlinking: /home/cuong/ros2_ws/install/myrobot/share/myrobot/meshes/Lidar_link.STL
[0.265s] -- Symlinking: /home/cuong/ros2_ws/install/myrobot/share/myrobot/meshes/RD_link.STL
[0.270s] -- Symlinking: /home/cuong/ros2_ws/install/myrobot/share/myrobot/meshes/base_link.STL
[0.275s] -- Up-to-date symlink: /home/cuong/ros2_ws/install/myrobot/share/ament_index/resource_index/package_run_dependencies/myrobot
[0.275s] -- Up-to-date symlink: /home/cuong/ros2_ws/install/myrobot/share/ament_index/resource_index/parent_prefix_path/myrobot
[0.275s] -- Up-to-date symlink: /home/cuong/ros2_ws/install/myrobot/share/myrobot/environment/ament_prefix_path.sh
[0.276s] -- Up-to-date symlink: /home/cuong/ros2_ws/install/myrobot/share/myrobot/environment/ament_prefix_path.dsv
[0.276s] -- Up-to-date symlink: /home/cuong/ros2_ws/install/myrobot/share/myrobot/environment/path.sh
[0.276s] -- Up-to-date symlink: /home/cuong/ros2_ws/install/myrobot/share/myrobot/environment/path.dsv
[0.276s] -- Up-to-date symlink: /home/cuong/ros2_ws/install/myrobot/share/myrobot/local_setup.bash
[0.276s] -- Up-to-date symlink: /home/cuong/ros2_ws/install/myrobot/share/myrobot/local_setup.sh
[0.276s] -- Up-to-date symlink: /home/cuong/ros2_ws/install/myrobot/share/myrobot/local_setup.zsh
[0.277s] -- Up-to-date symlink: /home/cuong/ros2_ws/install/myrobot/share/myrobot/local_setup.dsv
[0.277s] -- Symlinking: /home/cuong/ros2_ws/install/myrobot/share/myrobot/package.dsv
[0.282s] -- Up-to-date symlink: /home/cuong/ros2_ws/install/myrobot/share/ament_index/resource_index/packages/myrobot
[0.282s] -- Up-to-date symlink: /home/cuong/ros2_ws/install/myrobot/share/myrobot/cmake/myrobotConfig.cmake
[0.283s] -- Up-to-date symlink: /home/cuong/ros2_ws/install/myrobot/share/myrobot/cmake/myrobotConfig-version.cmake
[0.283s] -- Up-to-date symlink: /home/cuong/ros2_ws/install/myrobot/share/myrobot/package.xml
[0.284s] Invoked command in '/home/cuong/ros2_ws/build/myrobot' returned '0': CMAKE_PREFIX_PATH=${CMAKE_PREFIX_PATH}:/opt/ros/humble /usr/bin/cmake --install /home/cuong/ros2_ws/build/myrobot
